{"level":"info","message":"::1 - - [14/Jun/2025:05:17:49 +0000] \"GET /api-docs HTTP/1.1\" 301 158 \"-\" \"Mozilla/5.0 (Windows NT 10.0; Win64; x64) AppleWebKit/537.36 (KHTML, like Gecko) Chrome/136.0.0.0 Safari/537.36\"","service":"mobilization-service","timestamp":"2025-06-14 05:17:49"}
{"level":"info","message":"::1 - - [14/Jun/2025:05:17:49 +0000] \"GET /api-docs/ HTTP/1.1\" 200 3106 \"-\" \"Mozilla/5.0 (Windows NT 10.0; Win64; x64) AppleWebKit/537.36 (KHTML, like Gecko) Chrome/136.0.0.0 Safari/537.36\"","service":"mobilization-service","timestamp":"2025-06-14 05:17:49"}
{"level":"info","message":"::1 - - [14/Jun/2025:05:17:50 +0000] \"GET /api-docs/swagger-ui.css HTTP/1.1\" 200 154986 \"http://localhost:4343/api-docs/\" \"Mozilla/5.0 (Windows NT 10.0; Win64; x64) AppleWebKit/537.36 (KHTML, like Gecko) Chrome/136.0.0.0 Safari/537.36\"","service":"mobilization-service","timestamp":"2025-06-14 05:17:50"}
{"level":"info","message":"::1 - - [14/Jun/2025:05:17:50 +0000] \"GET /api-docs/swagger-ui-standalone-preset.js HTTP/1.1\" 200 229223 \"http://localhost:4343/api-docs/\" \"Mozilla/5.0 (Windows NT 10.0; Win64; x64) AppleWebKit/537.36 (KHTML, like Gecko) Chrome/136.0.0.0 Safari/537.36\"","service":"mobilization-service","timestamp":"2025-06-14 05:17:50"}
{"level":"info","message":"::1 - - [14/Jun/2025:05:17:50 +0000] \"GET /api-docs/swagger-ui-bundle.js HTTP/1.1\" 200 1485241 \"http://localhost:4343/api-docs/\" \"Mozilla/5.0 (Windows NT 10.0; Win64; x64) AppleWebKit/537.36 (KHTML, like Gecko) Chrome/136.0.0.0 Safari/537.36\"","service":"mobilization-service","timestamp":"2025-06-14 05:17:50"}
{"level":"info","message":"::1 - - [14/Jun/2025:05:17:50 +0000] \"GET /api-docs/swagger-ui-init.js HTTP/1.1\" 200 25242 \"http://localhost:4343/api-docs/\" \"Mozilla/5.0 (Windows NT 10.0; Win64; x64) AppleWebKit/537.36 (KHTML, like Gecko) Chrome/136.0.0.0 Safari/537.36\"","service":"mobilization-service","timestamp":"2025-06-14 05:17:50"}
{"level":"info","message":"::1 - - [14/Jun/2025:05:17:54 +0000] \"GET /api-docs/favicon-32x32.png HTTP/1.1\" 200 628 \"http://localhost:4343/api-docs/\" \"Mozilla/5.0 (Windows NT 10.0; Win64; x64) AppleWebKit/537.36 (KHTML, like Gecko) Chrome/136.0.0.0 Safari/537.36\"","service":"mobilization-service","timestamp":"2025-06-14 05:17:54"}
{"level":"info","message":"/ [2025-06-14T05:19:29.600Z]","service":"mobilization-service","timestamp":"2025-06-14 05:19:29"}
{"level":"info","message":"/swagger-ui.css [2025-06-14T05:19:29.761Z]","service":"mobilization-service","timestamp":"2025-06-14 05:19:29"}
{"level":"info","message":"/swagger-ui-bundle.js [2025-06-14T05:19:29.826Z]","service":"mobilization-service","timestamp":"2025-06-14 05:19:29"}
{"level":"info","message":"/swagger-ui-standalone-preset.js [2025-06-14T05:19:29.846Z]","service":"mobilization-service","timestamp":"2025-06-14 05:19:29"}
{"level":"info","message":"/swagger-ui-init.js [2025-06-14T05:19:29.921Z]","service":"mobilization-service","timestamp":"2025-06-14 05:19:29"}
{"level":"info","message":"/ [2025-06-14T07:50:33.569Z]","service":"mobilization-service","timestamp":"2025-06-14 07:50:33"}
{"level":"info","message":"/swagger-ui.css [2025-06-14T07:50:33.880Z]","service":"mobilization-service","timestamp":"2025-06-14 07:50:33"}
{"level":"info","message":"/swagger-ui-bundle.js [2025-06-14T07:50:33.889Z]","service":"mobilization-service","timestamp":"2025-06-14 07:50:33"}
{"level":"info","message":"/swagger-ui-standalone-preset.js [2025-06-14T07:50:33.979Z]","service":"mobilization-service","timestamp":"2025-06-14 07:50:33"}
{"level":"info","message":"/swagger-ui-init.js [2025-06-14T07:50:33.999Z]","service":"mobilization-service","timestamp":"2025-06-14 07:50:33"}
{"level":"info","message":"/ [2025-06-14T07:52:01.517Z]","service":"mobilization-service","timestamp":"2025-06-14 07:52:01"}
{"level":"info","message":"/favicon.ico [2025-06-14T07:52:01.720Z]","service":"mobilization-service","timestamp":"2025-06-14 07:52:01"}
{"level":"info","message":"/ [2025-06-16T05:25:46.540Z]","service":"mobilization-service","timestamp":"2025-06-16 05:25:46"}
{"level":"info","message":"/ [2025-06-16T05:25:46.806Z]","service":"mobilization-service","timestamp":"2025-06-16 05:25:46"}
{"level":"info","message":"/swagger-ui.css [2025-06-16T05:25:47.200Z]","service":"mobilization-service","timestamp":"2025-06-16 05:25:47"}
{"level":"info","message":"/swagger-ui-init.js [2025-06-16T05:25:47.840Z]","service":"mobilization-service","timestamp":"2025-06-16 05:25:47"}
{"level":"info","message":"/swagger-ui-standalone-preset.js [2025-06-16T05:25:47.843Z]","service":"mobilization-service","timestamp":"2025-06-16 05:25:47"}
{"level":"info","message":"/swagger-ui-bundle.js [2025-06-16T05:25:47.846Z]","service":"mobilization-service","timestamp":"2025-06-16 05:25:47"}
{"level":"info","message":"/swagger-ui-init.js [2025-06-16T05:25:50.267Z]","service":"mobilization-service","timestamp":"2025-06-16 05:25:50"}
{"level":"info","message":"/swagger-ui-standalone-preset.js [2025-06-16T05:25:50.393Z]","service":"mobilization-service","timestamp":"2025-06-16 05:25:50"}
{"level":"info","message":"/favicon-32x32.png [2025-06-16T05:25:50.517Z]","service":"mobilization-service","timestamp":"2025-06-16 05:25:50"}
{"level":"info","message":"/swagger-ui-bundle.js [2025-06-16T05:25:50.531Z]","service":"mobilization-service","timestamp":"2025-06-16 05:25:50"}
{"level":"info","message":"/test-1 [2025-06-16T05:26:14.045Z]","service":"mobilization-service","timestamp":"2025-06-16 05:26:14"}
{"level":"info","message":"/favicon.ico [2025-06-16T05:26:14.639Z]","service":"mobilization-service","timestamp":"2025-06-16 05:26:14"}
{"level":"info","message":"/ [2025-06-16T05:40:21.396Z]","service":"mobilization-service","timestamp":"2025-06-16 05:40:21"}
{"level":"info","message":"/ [2025-06-16T05:40:21.591Z]","service":"mobilization-service","timestamp":"2025-06-16 05:40:21"}
{"level":"info","message":"/swagger-ui.css [2025-06-16T05:40:21.847Z]","service":"mobilization-service","timestamp":"2025-06-16 05:40:21"}
{"level":"info","message":"/swagger-ui-bundle.js [2025-06-16T05:40:21.854Z]","service":"mobilization-service","timestamp":"2025-06-16 05:40:21"}
{"level":"info","message":"/swagger-ui-init.js [2025-06-16T05:40:24.576Z]","service":"mobilization-service","timestamp":"2025-06-16 05:40:24"}
{"level":"info","message":"/swagger-ui-standalone-preset.js [2025-06-16T05:40:24.577Z]","service":"mobilization-service","timestamp":"2025-06-16 05:40:24"}
{"level":"info","message":"/favicon-32x32.png [2025-06-16T05:40:25.577Z]","service":"mobilization-service","timestamp":"2025-06-16 05:40:25"}
{"level":"info","message":"/test-1 [2025-06-16T05:40:27.957Z]","service":"mobilization-service","timestamp":"2025-06-16 05:40:27"}
{"level":"info","message":"/favicon.ico [2025-06-16T05:40:28.250Z]","service":"mobilization-service","timestamp":"2025-06-16 05:40:28"}
{"level":"info","message":"/test-1 [2025-06-16T06:01:13.472Z]","service":"mobilization-service","timestamp":"2025-06-16 06:01:13"}
{"level":"info","message":"/test-1/v1/authlogin [2025-06-16T06:02:04.623Z]","service":"mobilization-service","timestamp":"2025-06-16 06:02:04"}
{"level":"info","message":"/v1/authlogin [2025-06-16T06:02:24.338Z]","service":"mobilization-service","timestamp":"2025-06-16 06:02:24"}
{"level":"info","message":"/v1/authlogin [2025-06-16T06:07:31.145Z]","service":"mobilization-service","timestamp":"2025-06-16 06:07:31"}
{"errorCode":"MISSING_FIELDS","level":"error","message":"Login name  and password are required","service":"mobilization-service","statusCode":400,"success":false,"timestamp":"2025-06-16 06:07:45"}
{"level":"info","message":"/v1/auth/login [2025-06-16T06:07:45.950Z]","service":"mobilization-service","timestamp":"2025-06-16 06:07:45"}
{"level":"error","message":"Error: email is not defined","service":"mobilization-service","stack":"ReferenceError: email is not defined\n    at login (/app/node/MOBILIZATION/backend/v1/auth/auth.controller.js:12:48)\n    at Layer.handle [as handle_request] (/app/node/MOBILIZATION/backend/node_modules/express/lib/router/layer.js:95:5)\n    at next (/app/node/MOBILIZATION/backend/node_modules/express/lib/router/route.js:149:13)\n    at Route.dispatch (/app/node/MOBILIZATION/backend/node_modules/express/lib/router/route.js:119:3)\n    at Layer.handle [as handle_request] (/app/node/MOBILIZATION/backend/node_modules/express/lib/router/layer.js:95:5)\n    at /app/node/MOBILIZATION/backend/node_modules/express/lib/router/index.js:284:15\n    at Function.process_params (/app/node/MOBILIZATION/backend/node_modules/express/lib/router/index.js:346:12)\n    at next (/app/node/MOBILIZATION/backend/node_modules/express/lib/router/index.js:280:10)\n    at Function.handle (/app/node/MOBILIZATION/backend/node_modules/express/lib/router/index.js:175:3)\n    at router (/app/node/MOBILIZATION/backend/node_modules/express/lib/router/index.js:47:12)","timestamp":"2025-06-16 06:08:13"}
{"level":"info","message":"/v1/auth/login [2025-06-16T06:08:13.245Z]","service":"mobilization-service","timestamp":"2025-06-16 06:08:13"}
{"level":"error","message":"Error: email is not defined","service":"mobilization-service","stack":"ReferenceError: email is not defined\n    at login (/app/node/MOBILIZATION/backend/v1/auth/auth.controller.js:12:48)\n    at Layer.handle [as handle_request] (/app/node/MOBILIZATION/backend/node_modules/express/lib/router/layer.js:95:5)\n    at next (/app/node/MOBILIZATION/backend/node_modules/express/lib/router/route.js:149:13)\n    at Route.dispatch (/app/node/MOBILIZATION/backend/node_modules/express/lib/router/route.js:119:3)\n    at Layer.handle [as handle_request] (/app/node/MOBILIZATION/backend/node_modules/express/lib/router/layer.js:95:5)\n    at /app/node/MOBILIZATION/backend/node_modules/express/lib/router/index.js:284:15\n    at Function.process_params (/app/node/MOBILIZATION/backend/node_modules/express/lib/router/index.js:346:12)\n    at next (/app/node/MOBILIZATION/backend/node_modules/express/lib/router/index.js:280:10)\n    at Function.handle (/app/node/MOBILIZATION/backend/node_modules/express/lib/router/index.js:175:3)\n    at router (/app/node/MOBILIZATION/backend/node_modules/express/lib/router/index.js:47:12)","timestamp":"2025-06-16 06:09:42"}
{"level":"info","message":"/v1/auth/login [2025-06-16T06:09:42.188Z]","service":"mobilization-service","timestamp":"2025-06-16 06:09:42"}
{"level":"error","message":"Error: email is not defined","service":"mobilization-service","stack":"ReferenceError: email is not defined\n    at login (/app/node/MOBILIZATION/backend/v1/auth/auth.controller.js:12:48)\n    at Layer.handle [as handle_request] (/app/node/MOBILIZATION/backend/node_modules/express/lib/router/layer.js:95:5)\n    at next (/app/node/MOBILIZATION/backend/node_modules/express/lib/router/route.js:149:13)\n    at Route.dispatch (/app/node/MOBILIZATION/backend/node_modules/express/lib/router/route.js:119:3)\n    at Layer.handle [as handle_request] (/app/node/MOBILIZATION/backend/node_modules/express/lib/router/layer.js:95:5)\n    at /app/node/MOBILIZATION/backend/node_modules/express/lib/router/index.js:284:15\n    at Function.process_params (/app/node/MOBILIZATION/backend/node_modules/express/lib/router/index.js:346:12)\n    at next (/app/node/MOBILIZATION/backend/node_modules/express/lib/router/index.js:280:10)\n    at Function.handle (/app/node/MOBILIZATION/backend/node_modules/express/lib/router/index.js:175:3)\n    at router (/app/node/MOBILIZATION/backend/node_modules/express/lib/router/index.js:47:12)","timestamp":"2025-06-16 06:11:13"}
{"level":"info","message":"/v1/auth/login [2025-06-16T06:11:13.270Z]","service":"mobilization-service","timestamp":"2025-06-16 06:11:13"}
{"error":"Cannot access 'user' before initialization","level":"error","loginName":"sas","message":"Login failed","operation":"login","service":"auth","timestamp":"2025-06-16 06:11:41"}
{"errorCode":"LOGIN_ERROR","level":"error","message":"Error during login","service":"mobilization-service","statusCode":500,"success":false,"timestamp":"2025-06-16 06:11:41"}
{"level":"info","message":"/v1/auth/login [2025-06-16T06:11:41.070Z]","service":"mobilization-service","timestamp":"2025-06-16 06:11:41"}
{"error":"Cannot read properties of undefined (reading '0')","level":"error","loginName":"sas","message":"Login failed","operation":"login","service":"auth","timestamp":"2025-06-16 06:12:01"}
{"errorCode":"LOGIN_ERROR","level":"error","message":"Error during login","service":"mobilization-service","statusCode":500,"success":false,"timestamp":"2025-06-16 06:12:01"}
{"level":"info","message":"/v1/auth/login [2025-06-16T06:12:01.537Z]","service":"mobilization-service","timestamp":"2025-06-16 06:12:01"}
{"error":"Cannot read properties of undefined (reading '0')","level":"error","loginName":"sas","message":"Login failed","operation":"login","service":"auth","timestamp":"2025-06-16 06:12:46"}
{"errorCode":"LOGIN_ERROR","level":"error","message":"Error during login","service":"mobilization-service","statusCode":500,"success":false,"timestamp":"2025-06-16 06:12:46"}
{"level":"info","message":"/v1/auth/login [2025-06-16T06:12:46.458Z]","service":"mobilization-service","timestamp":"2025-06-16 06:12:46"}
{"code":"ERR_HTTP_INVALID_STATUS_CODE","level":"error","message":"Error: Invalid status code: undefined","service":"mobilization-service","stack":"RangeError [ERR_HTTP_INVALID_STATUS_CODE]: Invalid status code: undefined\n    at new NodeError (node:internal/errors:399:5)\n    at ServerResponse.writeHead (node:_http_server:339:11)\n    at ServerResponse.writeHead (/app/node/MOBILIZATION/backend/node_modules/on-headers/index.js:44:26)\n    at ServerResponse._implicitHeader (node:_http_server:330:8)\n    at write_ (node:_http_outgoing:911:9)\n    at ServerResponse.end (node:_http_outgoing:1018:5)\n    at ServerResponse.send (/app/node/MOBILIZATION/backend/node_modules/express/lib/response.js:232:10)\n    at ServerResponse.json (/app/node/MOBILIZATION/backend/node_modules/express/lib/response.js:278:15)\n    at login (/app/node/MOBILIZATION/backend/v1/auth/auth.controller.js:13:39)\n    at process.processTicksAndRejections (node:internal/process/task_queues:95:5)","timestamp":"2025-06-16 06:13:31"}
{"level":"info","message":"/v1/auth/login [2025-06-16T06:13:31.955Z]","service":"mobilization-service","timestamp":"2025-06-16 06:13:31"}
{"code":"ERR_HTTP_INVALID_STATUS_CODE","level":"error","message":"Error: Invalid status code: undefined","service":"mobilization-service","stack":"RangeError [ERR_HTTP_INVALID_STATUS_CODE]: Invalid status code: undefined\n    at new NodeError (node:internal/errors:399:5)\n    at ServerResponse.writeHead (node:_http_server:339:11)\n    at ServerResponse.writeHead (/app/node/MOBILIZATION/backend/node_modules/on-headers/index.js:44:26)\n    at ServerResponse._implicitHeader (node:_http_server:330:8)\n    at write_ (node:_http_outgoing:911:9)\n    at ServerResponse.end (node:_http_outgoing:1018:5)\n    at ServerResponse.send (/app/node/MOBILIZATION/backend/node_modules/express/lib/response.js:232:10)\n    at ServerResponse.json (/app/node/MOBILIZATION/backend/node_modules/express/lib/response.js:278:15)\n    at login (/app/node/MOBILIZATION/backend/v1/auth/auth.controller.js:13:39)\n    at process.processTicksAndRejections (node:internal/process/task_queues:95:5)","timestamp":"2025-06-16 06:17:18"}
{"level":"info","message":"/v1/auth/login [2025-06-16T06:17:18.126Z]","service":"mobilization-service","timestamp":"2025-06-16 06:17:18"}
{"code":"ERR_HTTP_INVALID_STATUS_CODE","level":"error","message":"Error: Invalid status code: undefined","service":"mobilization-service","stack":"RangeError [ERR_HTTP_INVALID_STATUS_CODE]: Invalid status code: undefined\n    at new NodeError (node:internal/errors:399:5)\n    at ServerResponse.writeHead (node:_http_server:339:11)\n    at ServerResponse.writeHead (/app/node/MOBILIZATION/backend/node_modules/on-headers/index.js:44:26)\n    at ServerResponse._implicitHeader (node:_http_server:330:8)\n    at write_ (node:_http_outgoing:911:9)\n    at ServerResponse.end (node:_http_outgoing:1018:5)\n    at ServerResponse.send (/app/node/MOBILIZATION/backend/node_modules/express/lib/response.js:232:10)\n    at ServerResponse.json (/app/node/MOBILIZATION/backend/node_modules/express/lib/response.js:278:15)\n    at login (/app/node/MOBILIZATION/backend/v1/auth/auth.controller.js:13:39)\n    at process.processTicksAndRejections (node:internal/process/task_queues:95:5)","timestamp":"2025-06-16 06:18:04"}
{"level":"info","message":"/v1/auth/login [2025-06-16T06:18:04.300Z]","service":"mobilization-service","timestamp":"2025-06-16 06:18:04"}
{"code":"ERR_HTTP_INVALID_STATUS_CODE","level":"error","message":"Error: Invalid status code: undefined","service":"mobilization-service","stack":"RangeError [ERR_HTTP_INVALID_STATUS_CODE]: Invalid status code: undefined\n    at new NodeError (node:internal/errors:399:5)\n    at ServerResponse.writeHead (node:_http_server:339:11)\n    at ServerResponse.writeHead (/app/node/MOBILIZATION/backend/node_modules/on-headers/index.js:44:26)\n    at ServerResponse._implicitHeader (node:_http_server:330:8)\n    at write_ (node:_http_outgoing:911:9)\n    at ServerResponse.end (node:_http_outgoing:1018:5)\n    at ServerResponse.send (/app/node/MOBILIZATION/backend/node_modules/express/lib/response.js:232:10)\n    at ServerResponse.json (/app/node/MOBILIZATION/backend/node_modules/express/lib/response.js:278:15)\n    at login (/app/node/MOBILIZATION/backend/v1/auth/auth.controller.js:13:40)\n    at process.processTicksAndRejections (node:internal/process/task_queues:95:5)","timestamp":"2025-06-16 06:18:28"}
{"level":"info","message":"/v1/auth/login [2025-06-16T06:18:28.028Z]","service":"mobilization-service","timestamp":"2025-06-16 06:18:28"}
{"level":"info","message":"/login [2025-06-16T06:18:51.078Z]","service":"mobilization-service","timestamp":"2025-06-16 06:18:51"}
{"level":"info","message":"/login [2025-06-16T06:19:06.746Z]","service":"mobilization-service","timestamp":"2025-06-16 06:19:06"}
{"level":"error","loginName":"ASDM_1","message":"Invalid password","operation":"login","service":"auth","timestamp":"2025-06-16 06:19:15"}
{"error":"Invalid email or password","level":"error","loginName":"ASDM_1","message":"Login failed","operation":"login","service":"auth","timestamp":"2025-06-16 06:19:15"}
{"errorCode":"INVALID_CREDENTIALS","level":"error","message":"Invalid email or password","service":"mobilization-service","statusCode":401,"success":false,"timestamp":"2025-06-16 06:19:15"}
{"level":"info","message":"/v1/auth/login [2025-06-16T06:19:15.977Z]","service":"mobilization-service","timestamp":"2025-06-16 06:19:15"}
{"level":"error","loginName":"ASDM_1","message":"Invalid password","operation":"login","service":"auth","timestamp":"2025-06-16 06:20:41"}
{"error":"Invalid email or password","level":"error","loginName":"ASDM_1","message":"Login failed","operation":"login","service":"auth","timestamp":"2025-06-16 06:20:41"}
{"errorCode":"INVALID_CREDENTIALS","level":"error","message":"Invalid email or password","service":"mobilization-service","statusCode":401,"success":false,"timestamp":"2025-06-16 06:20:41"}
{"level":"info","message":"/v1/auth/login [2025-06-16T06:20:41.843Z]","service":"mobilization-service","timestamp":"2025-06-16 06:20:41"}
{"level":"error","loginName":"ASDM_1","message":"Invalid password","operation":"login","service":"auth","timestamp":"2025-06-16 06:21:47"}
{"error":"Invalid email or password","level":"error","loginName":"ASDM_1","message":"Login failed","operation":"login","service":"auth","timestamp":"2025-06-16 06:21:47"}
{"errorCode":"INVALID_CREDENTIALS","level":"error","message":"Invalid email or password","service":"mobilization-service","statusCode":401,"success":false,"timestamp":"2025-06-16 06:21:47"}
{"level":"info","message":"/v1/auth/login [2025-06-16T06:21:47.721Z]","service":"mobilization-service","timestamp":"2025-06-16 06:21:47"}
{"level":"error","loginName":"ASDM_1","message":"Invalid password","operation":"login","service":"auth","timestamp":"2025-06-16 06:22:05"}
{"error":"Invalid email or password","level":"error","loginName":"ASDM_1","message":"Login failed","operation":"login","service":"auth","timestamp":"2025-06-16 06:22:05"}
{"errorCode":"INVALID_CREDENTIALS 1","level":"error","message":"Invalid email or password","service":"mobilization-service","statusCode":401,"success":false,"timestamp":"2025-06-16 06:22:05"}
{"level":"info","message":"/v1/auth/login [2025-06-16T06:22:05.117Z]","service":"mobilization-service","timestamp":"2025-06-16 06:22:05"}
{"level":"error","loginName":"ASDM_1","message":"Invalid password","operation":"login","service":"auth","timestamp":"2025-06-16 06:23:57"}
{"error":"Invalid email1 or password","level":"error","loginName":"ASDM_1","message":"Login failed","operation":"login","service":"auth","timestamp":"2025-06-16 06:23:57"}
{"errorCode":"INVALID_CREDENTIALS 1","level":"error","message":"Invalid email1 or password","service":"mobilization-service","statusCode":401,"success":false,"timestamp":"2025-06-16 06:23:57"}
{"level":"info","message":"/v1/auth/login [2025-06-16T06:23:57.574Z]","service":"mobilization-service","timestamp":"2025-06-16 06:23:57"}
{"level":"error","loginName":"ASDM_1","message":"Invalid password","operation":"login","service":"auth","timestamp":"2025-06-16 06:25:11"}
{"error":"Invalid email or password","level":"error","loginName":"ASDM_1","message":"Login failed","operation":"login","service":"auth","timestamp":"2025-06-16 06:25:11"}
{"errorCode":"INVALID_CREDENTIALS","level":"error","message":"Invalid email or password","service":"mobilization-service","statusCode":401,"success":false,"timestamp":"2025-06-16 06:25:11"}
{"level":"info","message":"/v1/auth/login [2025-06-16T06:25:11.494Z]","service":"mobilization-service","timestamp":"2025-06-16 06:25:11"}
{"error":"crypto.createCipher is not a function","level":"error","loginName":"ASDM_1","message":"Login failed","operation":"login","service":"auth","timestamp":"2025-06-16 06:51:34"}
{"errorCode":"LOGIN_ERROR","level":"error","message":"Error during login","service":"mobilization-service","statusCode":500,"success":false,"timestamp":"2025-06-16 06:51:34"}
{"level":"info","message":"/v1/auth/login [2025-06-16T06:51:34.550Z]","service":"mobilization-service","timestamp":"2025-06-16 06:51:34"}
{"error":"Cannot read properties of undefined (reading 'password')","level":"error","loginName":"ASDM_1","message":"Login failed","operation":"login","service":"auth","timestamp":"2025-06-16 06:53:49"}
{"errorCode":"LOGIN_ERROR","level":"error","message":"Error during login","service":"mobilization-service","statusCode":500,"success":false,"timestamp":"2025-06-16 06:53:49"}
{"level":"info","message":"/v1/auth/login [2025-06-16T06:53:49.996Z]","service":"mobilization-service","timestamp":"2025-06-16 06:53:49"}
{"error":"plainPassword is not defined","level":"error","loginName":"ASDM_1","message":"Login failed","operation":"login","service":"auth","timestamp":"2025-06-16 06:55:24"}
{"errorCode":"LOGIN_ERROR","level":"error","message":"Error during login","service":"mobilization-service","statusCode":500,"success":false,"timestamp":"2025-06-16 06:55:24"}
{"level":"info","message":"/v1/auth/login [2025-06-16T06:55:24.350Z]","service":"mobilization-service","timestamp":"2025-06-16 06:55:24"}
{"error":"Cannot read properties of undefined (reading 'password')","level":"error","loginName":"ASDM_1","message":"Login failed","operation":"login","service":"auth","timestamp":"2025-06-16 06:55:48"}
{"errorCode":"LOGIN_ERROR","level":"error","message":"Error during login","service":"mobilization-service","statusCode":500,"success":false,"timestamp":"2025-06-16 06:55:48"}
{"level":"info","message":"/v1/auth/login [2025-06-16T06:55:48.016Z]","service":"mobilization-service","timestamp":"2025-06-16 06:55:48"}
{"error":"Cannot read properties of undefined (reading 'password')","level":"error","loginName":"ASDM_1","message":"Login failed","operation":"login","service":"auth","timestamp":"2025-06-16 06:56:44"}
{"errorCode":"LOGIN_ERROR","level":"error","message":"Error during login","service":"mobilization-service","statusCode":500,"success":false,"timestamp":"2025-06-16 06:56:44"}
{"level":"info","message":"/v1/auth/login [2025-06-16T06:56:44.568Z]","service":"mobilization-service","timestamp":"2025-06-16 06:56:44"}
{"error":"Cannot read properties of undefined (reading 'password')","level":"error","loginName":"ASDM_1","message":"Login failed","operation":"login","service":"auth","timestamp":"2025-06-16 06:58:15"}
{"errorCode":"LOGIN_ERROR","level":"error","message":"Error during login","service":"mobilization-service","statusCode":500,"success":false,"timestamp":"2025-06-16 06:58:15"}
{"level":"info","message":"/v1/auth/login [2025-06-16T06:58:15.843Z]","service":"mobilization-service","timestamp":"2025-06-16 06:58:15"}
{"level":"info","message":"/ [2025-06-16T07:05:53.234Z]","service":"mobilization-service","timestamp":"2025-06-16 07:05:53"}
{"level":"info","message":"/swagger-ui.css [2025-06-16T07:05:53.510Z]","service":"mobilization-service","timestamp":"2025-06-16 07:05:53"}
{"level":"info","message":"/swagger-ui-bundle.js [2025-06-16T07:05:53.515Z]","service":"mobilization-service","timestamp":"2025-06-16 07:05:53"}
{"level":"info","message":"/swagger-ui-standalone-preset.js [2025-06-16T07:05:53.861Z]","service":"mobilization-service","timestamp":"2025-06-16 07:05:53"}
{"level":"info","message":"/swagger-ui-init.js [2025-06-16T07:05:53.902Z]","service":"mobilization-service","timestamp":"2025-06-16 07:05:53"}
{"level":"info","message":"/favicon-32x32.png [2025-06-16T07:05:54.443Z]","service":"mobilization-service","timestamp":"2025-06-16 07:05:54"}
{"error":"crypto.createCipher is not a function","level":"error","loginName":"ASDM_1","message":"Login failed","operation":"login","service":"auth","timestamp":"2025-06-16 07:05:59"}
{"errorCode":"LOGIN_ERROR","level":"error","message":"Error during login","service":"mobilization-service","statusCode":500,"success":false,"timestamp":"2025-06-16 07:05:59"}
{"level":"info","message":"/v1/auth/login [2025-06-16T07:05:59.519Z]","service":"mobilization-service","timestamp":"2025-06-16 07:05:59"}
{"level":"error","loginName":"ASDM_1","message":"Invalid password","operation":"login","service":"auth","timestamp":"2025-06-16 07:08:09"}
{"error":"Invalid email or password","level":"error","loginName":"ASDM_1","message":"Login failed","operation":"login","service":"auth","timestamp":"2025-06-16 07:08:09"}
{"errorCode":"INVALID_CREDENTIALS","level":"error","message":"Invalid email or password","service":"mobilization-service","statusCode":401,"success":false,"timestamp":"2025-06-16 07:08:09"}
{"level":"info","message":"/v1/auth/login [2025-06-16T07:08:09.984Z]","service":"mobilization-service","timestamp":"2025-06-16 07:08:09"}
{"level":"error","loginName":"ASDM_1","message":"Invalid password","operation":"login","service":"auth","timestamp":"2025-06-16 07:10:05"}
{"error":"Invalid email or password","level":"error","loginName":"ASDM_1","message":"Login failed","operation":"login","service":"auth","timestamp":"2025-06-16 07:10:05"}
{"errorCode":"INVALID_CREDENTIALS","level":"error","message":"Invalid email or password","service":"mobilization-service","statusCode":401,"success":false,"timestamp":"2025-06-16 07:10:05"}
{"level":"info","message":"/v1/auth/login [2025-06-16T07:10:05.402Z]","service":"mobilization-service","timestamp":"2025-06-16 07:10:05"}
{"level":"error","loginName":"ASDM_1","message":"Invalid password","operation":"login","service":"auth","timestamp":"2025-06-16 07:12:51"}
{"error":"Invalid email or password","level":"error","loginName":"ASDM_1","message":"Login failed","operation":"login","service":"auth","timestamp":"2025-06-16 07:12:51"}
{"errorCode":"INVALID_CREDENTIALS","level":"error","message":"Invalid email or password","service":"mobilization-service","statusCode":401,"success":false,"timestamp":"2025-06-16 07:12:51"}
{"level":"info","message":"/v1/auth/login [2025-06-16T07:12:51.841Z]","service":"mobilization-service","timestamp":"2025-06-16 07:12:51"}
{"level":"error","loginName":"ASDM_1","message":"Invalid password","operation":"login","service":"auth","timestamp":"2025-06-16 07:13:18"}
{"error":"Invalid email or password","level":"error","loginName":"ASDM_1","message":"Login failed","operation":"login","service":"auth","timestamp":"2025-06-16 07:13:18"}
{"errorCode":"INVALID_CREDENTIALS","level":"error","message":"Invalid email or password","service":"mobilization-service","statusCode":401,"success":false,"timestamp":"2025-06-16 07:13:18"}
{"level":"info","message":"/v1/auth/login [2025-06-16T07:13:18.263Z]","service":"mobilization-service","timestamp":"2025-06-16 07:13:18"}
{"level":"error","loginName":"ASDM_1","message":"Invalid password","operation":"login","service":"auth","timestamp":"2025-06-16 07:13:31"}
{"error":"Invalid email or password","level":"error","loginName":"ASDM_1","message":"Login failed","operation":"login","service":"auth","timestamp":"2025-06-16 07:13:31"}
{"errorCode":"INVALID_CREDENTIALS","level":"error","message":"Invalid email or password","service":"mobilization-service","statusCode":401,"success":false,"timestamp":"2025-06-16 07:13:31"}
{"level":"info","message":"/v1/auth/login [2025-06-16T07:13:31.929Z]","service":"mobilization-service","timestamp":"2025-06-16 07:13:31"}
{"error":"secretOrPrivateKey must have a value","level":"error","loginName":"ASDM_1","message":"Login failed","operation":"login","service":"auth","timestamp":"2025-06-16 07:15:26"}
{"errorCode":"LOGIN_ERROR","level":"error","message":"Error during login","service":"mobilization-service","statusCode":500,"success":false,"timestamp":"2025-06-16 07:15:26"}
{"level":"info","message":"/v1/auth/login [2025-06-16T07:15:26.864Z]","service":"mobilization-service","timestamp":"2025-06-16 07:15:26"}
{"level":"info","message":"User logged in successfully","operation":"login","service":"auth","timestamp":"2025-06-16 07:19:46","userId":3}
{"level":"info","message":"/login [2025-06-16T07:19:46.154Z]","service":"mobilization-service","timestamp":"2025-06-16 07:19:46"}
{"level":"info","message":"User logged in successfully","operation":"login","service":"auth","timestamp":"2025-06-16 07:20:06","userId":3}
{"level":"info","message":"/login [2025-06-16T07:20:06.773Z]","service":"mobilization-service","timestamp":"2025-06-16 07:20:06"}
{"error":"Cannot convert undefined or null to object","level":"error","loginName":"ASDM_11","message":"Login failed","operation":"login","service":"auth","timestamp":"2025-06-16 07:21:31"}
{"errorCode":"LOGIN_ERROR","level":"error","message":"Error during login","service":"mobilization-service","statusCode":500,"success":false,"timestamp":"2025-06-16 07:21:31"}
{"level":"info","message":"/v1/auth/login [2025-06-16T07:21:31.585Z]","service":"mobilization-service","timestamp":"2025-06-16 07:21:31"}
{"error":"Cannot convert undefined or null to object","level":"error","loginName":"ASDM_11","message":"Login failed","operation":"login","service":"auth","timestamp":"2025-06-16 07:22:23"}
{"errorCode":"LOGIN_ERROR","level":"error","message":"Error during login","service":"mobilization-service","statusCode":500,"success":false,"timestamp":"2025-06-16 07:22:23"}
{"level":"info","message":"/v1/auth/login [2025-06-16T07:22:23.231Z]","service":"mobilization-service","timestamp":"2025-06-16 07:22:23"}
{"error":"Cannot convert undefined or null to object","level":"error","loginName":"ASDM_11","message":"Login failed","operation":"login","service":"auth","timestamp":"2025-06-16 07:22:43"}
{"errorCode":"LOGIN_ERROR","level":"error","message":"Error during login","service":"mobilization-service","statusCode":500,"success":false,"timestamp":"2025-06-16 07:22:43"}
{"level":"info","message":"/v1/auth/login [2025-06-16T07:22:43.133Z]","service":"mobilization-service","timestamp":"2025-06-16 07:22:43"}
{"error":"Cannot convert undefined or null to object","level":"error","loginName":"ASDM_11","message":"Login failed","operation":"login","service":"auth","timestamp":"2025-06-16 07:23:09"}
{"errorCode":"LOGIN_ERROR","level":"error","message":"Error during login","service":"mobilization-service","statusCode":500,"success":false,"timestamp":"2025-06-16 07:23:09"}
{"level":"info","message":"/v1/auth/login [2025-06-16T07:23:09.525Z]","service":"mobilization-service","timestamp":"2025-06-16 07:23:09"}
{"error":"Cannot convert undefined or null to object","level":"error","loginName":"ASDM_11","message":"Login failed","operation":"login","service":"auth","timestamp":"2025-06-16 07:23:20"}
{"errorCode":"LOGIN_ERROR","level":"error","message":"Error during login","service":"mobilization-service","statusCode":500,"success":false,"timestamp":"2025-06-16 07:23:20"}
{"level":"info","message":"/v1/auth/login [2025-06-16T07:23:20.294Z]","service":"mobilization-service","timestamp":"2025-06-16 07:23:20"}
{"error":"Cannot convert undefined or null to object","level":"error","loginName":"ASDM_11","message":"Login failed","operation":"login","service":"auth","timestamp":"2025-06-16 07:24:06"}
{"errorCode":"LOGIN_ERROR","level":"error","message":"Error during login","service":"mobilization-service","statusCode":500,"success":false,"timestamp":"2025-06-16 07:24:06"}
{"level":"info","message":"/v1/auth/login [2025-06-16T07:24:06.360Z]","service":"mobilization-service","timestamp":"2025-06-16 07:24:06"}
{"level":"error","loginName":"ASDM_11","message":"User not found","operation":"login","service":"auth","timestamp":"2025-06-16 07:24:26"}
{"error":"Invalid  email or password","level":"error","loginName":"ASDM_11","message":"Login failed","operation":"login","service":"auth","timestamp":"2025-06-16 07:24:26"}
{"errorCode":"INVALID_CREDENTIALS","level":"error","message":"Invalid  email or password","service":"mobilization-service","statusCode":401,"success":false,"timestamp":"2025-06-16 07:24:26"}
{"level":"info","message":"/v1/auth/login [2025-06-16T07:24:26.892Z]","service":"mobilization-service","timestamp":"2025-06-16 07:24:26"}
{"level":"error","loginName":"ASDM_11","message":"User not found","operation":"login","service":"auth","timestamp":"2025-06-16 07:24:38"}
{"error":"Invalid  email or password","level":"error","loginName":"ASDM_11","message":"Login failed","operation":"login","service":"auth","timestamp":"2025-06-16 07:24:38"}
{"errorCode":"INVALID_CREDENTIALS","level":"error","message":"Invalid  email or password","service":"mobilization-service","statusCode":401,"success":false,"timestamp":"2025-06-16 07:24:38"}
{"level":"info","message":"/v1/auth/login [2025-06-16T07:24:38.815Z]","service":"mobilization-service","timestamp":"2025-06-16 07:24:38"}
{"level":"error","loginName":"ASDM_11","message":"User not found","operation":"login","service":"auth","timestamp":"2025-06-16 07:24:48"}
{"error":"Invalid 1 email or password","level":"error","loginName":"ASDM_11","message":"Login failed","operation":"login","service":"auth","timestamp":"2025-06-16 07:24:48"}
{"errorCode":"INVALID_CREDENTIALS","level":"error","message":"Invalid 1 email or password","service":"mobilization-service","statusCode":401,"success":false,"timestamp":"2025-06-16 07:24:48"}
{"level":"info","message":"/v1/auth/login [2025-06-16T07:24:48.017Z]","service":"mobilization-service","timestamp":"2025-06-16 07:24:48"}
{"level":"error","loginName":"ASDM_11","message":"User not found","operation":"login","service":"auth","timestamp":"2025-06-16 07:25:10"}
{"error":"Invalid email or password","level":"error","loginName":"ASDM_11","message":"Login failed","operation":"login","service":"auth","timestamp":"2025-06-16 07:25:10"}
{"errorCode":"INVALID_CREDENTIALS","level":"error","message":"Invalid email or password","service":"mobilization-service","statusCode":401,"success":false,"timestamp":"2025-06-16 07:25:10"}
{"level":"info","message":"/v1/auth/login [2025-06-16T07:25:10.614Z]","service":"mobilization-service","timestamp":"2025-06-16 07:25:10"}
{"level":"error","loginName":"ASDM_11","message":"User not found","operation":"login","service":"auth","timestamp":"2025-06-16 07:25:30"}
{"error":"Invalid login name or password","level":"error","loginName":"ASDM_11","message":"Login failed","operation":"login","service":"auth","timestamp":"2025-06-16 07:25:30"}
{"errorCode":"INVALID_CREDENTIALS","level":"error","message":"Invalid login name or password","service":"mobilization-service","statusCode":401,"success":false,"timestamp":"2025-06-16 07:25:30"}
{"level":"info","message":"/v1/auth/login [2025-06-16T07:25:30.750Z]","service":"mobilization-service","timestamp":"2025-06-16 07:25:30"}
{"level":"info","message":"User logged in successfully","operation":"login","service":"auth","timestamp":"2025-06-16 07:25:34","userId":3}
{"level":"info","message":"/login [2025-06-16T07:25:34.919Z]","service":"mobilization-service","timestamp":"2025-06-16 07:25:34"}
{"level":"info","message":"User logged in successfully","operation":"login","service":"auth","timestamp":"2025-06-16 07:30:39","userId":3}
{"level":"info","message":"/login [2025-06-16T07:30:39.196Z]","service":"mobilization-service","timestamp":"2025-06-16 07:30:39"}
{"level":"error","loginName":"ASDM_1","message":"User not found","operation":"login","service":"auth","timestamp":"2025-06-16 07:30:46"}
{"error":"Invalid login name or password","level":"error","loginName":"ASDM_1","message":"Login failed","operation":"login","service":"auth","timestamp":"2025-06-16 07:30:46"}
{"errorCode":"INVALID_CREDENTIALS","level":"error","message":"Invalid login name or password","service":"mobilization-service","statusCode":401,"success":false,"timestamp":"2025-06-16 07:30:46"}
{"level":"info","message":"/v1/auth/login [2025-06-16T07:30:46.061Z]","service":"mobilization-service","timestamp":"2025-06-16 07:30:46"}
{"level":"info","message":"/ [2025-06-16T13:10:12.688Z]","service":"mobilization-service","timestamp":"2025-06-16 13:10:12"}
{"level":"info","message":"/swagger-ui.css [2025-06-16T13:10:13.272Z]","service":"mobilization-service","timestamp":"2025-06-16 13:10:13"}
{"level":"info","message":"/swagger-ui-bundle.js [2025-06-16T13:10:13.279Z]","service":"mobilization-service","timestamp":"2025-06-16 13:10:13"}
{"level":"info","message":"/swagger-ui-standalone-preset.js [2025-06-16T13:10:13.360Z]","service":"mobilization-service","timestamp":"2025-06-16 13:10:13"}
{"level":"info","message":"/swagger-ui-init.js [2025-06-16T13:10:13.372Z]","service":"mobilization-service","timestamp":"2025-06-16 13:10:13"}
