{"errorCode":"MISSING_FIELDS","level":"error","message":"Login name  and password are required","service":"mobilization-service","statusCode":400,"success":false,"timestamp":"2025-06-16 06:07:45"}
{"level":"error","message":"Error: email is not defined","service":"mobilization-service","stack":"ReferenceError: email is not defined\n    at login (/app/node/MOBILIZATION/backend/v1/auth/auth.controller.js:12:48)\n    at Layer.handle [as handle_request] (/app/node/MOBILIZATION/backend/node_modules/express/lib/router/layer.js:95:5)\n    at next (/app/node/MOBILIZATION/backend/node_modules/express/lib/router/route.js:149:13)\n    at Route.dispatch (/app/node/MOBILIZATION/backend/node_modules/express/lib/router/route.js:119:3)\n    at Layer.handle [as handle_request] (/app/node/MOBILIZATION/backend/node_modules/express/lib/router/layer.js:95:5)\n    at /app/node/MOBILIZATION/backend/node_modules/express/lib/router/index.js:284:15\n    at Function.process_params (/app/node/MOBILIZATION/backend/node_modules/express/lib/router/index.js:346:12)\n    at next (/app/node/MOBILIZATION/backend/node_modules/express/lib/router/index.js:280:10)\n    at Function.handle (/app/node/MOBILIZATION/backend/node_modules/express/lib/router/index.js:175:3)\n    at router (/app/node/MOBILIZATION/backend/node_modules/express/lib/router/index.js:47:12)","timestamp":"2025-06-16 06:08:13"}
{"level":"error","message":"Error: email is not defined","service":"mobilization-service","stack":"ReferenceError: email is not defined\n    at login (/app/node/MOBILIZATION/backend/v1/auth/auth.controller.js:12:48)\n    at Layer.handle [as handle_request] (/app/node/MOBILIZATION/backend/node_modules/express/lib/router/layer.js:95:5)\n    at next (/app/node/MOBILIZATION/backend/node_modules/express/lib/router/route.js:149:13)\n    at Route.dispatch (/app/node/MOBILIZATION/backend/node_modules/express/lib/router/route.js:119:3)\n    at Layer.handle [as handle_request] (/app/node/MOBILIZATION/backend/node_modules/express/lib/router/layer.js:95:5)\n    at /app/node/MOBILIZATION/backend/node_modules/express/lib/router/index.js:284:15\n    at Function.process_params (/app/node/MOBILIZATION/backend/node_modules/express/lib/router/index.js:346:12)\n    at next (/app/node/MOBILIZATION/backend/node_modules/express/lib/router/index.js:280:10)\n    at Function.handle (/app/node/MOBILIZATION/backend/node_modules/express/lib/router/index.js:175:3)\n    at router (/app/node/MOBILIZATION/backend/node_modules/express/lib/router/index.js:47:12)","timestamp":"2025-06-16 06:09:42"}
{"level":"error","message":"Error: email is not defined","service":"mobilization-service","stack":"ReferenceError: email is not defined\n    at login (/app/node/MOBILIZATION/backend/v1/auth/auth.controller.js:12:48)\n    at Layer.handle [as handle_request] (/app/node/MOBILIZATION/backend/node_modules/express/lib/router/layer.js:95:5)\n    at next (/app/node/MOBILIZATION/backend/node_modules/express/lib/router/route.js:149:13)\n    at Route.dispatch (/app/node/MOBILIZATION/backend/node_modules/express/lib/router/route.js:119:3)\n    at Layer.handle [as handle_request] (/app/node/MOBILIZATION/backend/node_modules/express/lib/router/layer.js:95:5)\n    at /app/node/MOBILIZATION/backend/node_modules/express/lib/router/index.js:284:15\n    at Function.process_params (/app/node/MOBILIZATION/backend/node_modules/express/lib/router/index.js:346:12)\n    at next (/app/node/MOBILIZATION/backend/node_modules/express/lib/router/index.js:280:10)\n    at Function.handle (/app/node/MOBILIZATION/backend/node_modules/express/lib/router/index.js:175:3)\n    at router (/app/node/MOBILIZATION/backend/node_modules/express/lib/router/index.js:47:12)","timestamp":"2025-06-16 06:11:13"}
{"error":"Cannot access 'user' before initialization","level":"error","loginName":"sas","message":"Login failed","operation":"login","service":"auth","timestamp":"2025-06-16 06:11:41"}
{"errorCode":"LOGIN_ERROR","level":"error","message":"Error during login","service":"mobilization-service","statusCode":500,"success":false,"timestamp":"2025-06-16 06:11:41"}
{"error":"Cannot read properties of undefined (reading '0')","level":"error","loginName":"sas","message":"Login failed","operation":"login","service":"auth","timestamp":"2025-06-16 06:12:01"}
{"errorCode":"LOGIN_ERROR","level":"error","message":"Error during login","service":"mobilization-service","statusCode":500,"success":false,"timestamp":"2025-06-16 06:12:01"}
{"error":"Cannot read properties of undefined (reading '0')","level":"error","loginName":"sas","message":"Login failed","operation":"login","service":"auth","timestamp":"2025-06-16 06:12:46"}
{"errorCode":"LOGIN_ERROR","level":"error","message":"Error during login","service":"mobilization-service","statusCode":500,"success":false,"timestamp":"2025-06-16 06:12:46"}
{"code":"ERR_HTTP_INVALID_STATUS_CODE","level":"error","message":"Error: Invalid status code: undefined","service":"mobilization-service","stack":"RangeError [ERR_HTTP_INVALID_STATUS_CODE]: Invalid status code: undefined\n    at new NodeError (node:internal/errors:399:5)\n    at ServerResponse.writeHead (node:_http_server:339:11)\n    at ServerResponse.writeHead (/app/node/MOBILIZATION/backend/node_modules/on-headers/index.js:44:26)\n    at ServerResponse._implicitHeader (node:_http_server:330:8)\n    at write_ (node:_http_outgoing:911:9)\n    at ServerResponse.end (node:_http_outgoing:1018:5)\n    at ServerResponse.send (/app/node/MOBILIZATION/backend/node_modules/express/lib/response.js:232:10)\n    at ServerResponse.json (/app/node/MOBILIZATION/backend/node_modules/express/lib/response.js:278:15)\n    at login (/app/node/MOBILIZATION/backend/v1/auth/auth.controller.js:13:39)\n    at process.processTicksAndRejections (node:internal/process/task_queues:95:5)","timestamp":"2025-06-16 06:13:31"}
{"code":"ERR_HTTP_INVALID_STATUS_CODE","level":"error","message":"Error: Invalid status code: undefined","service":"mobilization-service","stack":"RangeError [ERR_HTTP_INVALID_STATUS_CODE]: Invalid status code: undefined\n    at new NodeError (node:internal/errors:399:5)\n    at ServerResponse.writeHead (node:_http_server:339:11)\n    at ServerResponse.writeHead (/app/node/MOBILIZATION/backend/node_modules/on-headers/index.js:44:26)\n    at ServerResponse._implicitHeader (node:_http_server:330:8)\n    at write_ (node:_http_outgoing:911:9)\n    at ServerResponse.end (node:_http_outgoing:1018:5)\n    at ServerResponse.send (/app/node/MOBILIZATION/backend/node_modules/express/lib/response.js:232:10)\n    at ServerResponse.json (/app/node/MOBILIZATION/backend/node_modules/express/lib/response.js:278:15)\n    at login (/app/node/MOBILIZATION/backend/v1/auth/auth.controller.js:13:39)\n    at process.processTicksAndRejections (node:internal/process/task_queues:95:5)","timestamp":"2025-06-16 06:17:18"}
{"code":"ERR_HTTP_INVALID_STATUS_CODE","level":"error","message":"Error: Invalid status code: undefined","service":"mobilization-service","stack":"RangeError [ERR_HTTP_INVALID_STATUS_CODE]: Invalid status code: undefined\n    at new NodeError (node:internal/errors:399:5)\n    at ServerResponse.writeHead (node:_http_server:339:11)\n    at ServerResponse.writeHead (/app/node/MOBILIZATION/backend/node_modules/on-headers/index.js:44:26)\n    at ServerResponse._implicitHeader (node:_http_server:330:8)\n    at write_ (node:_http_outgoing:911:9)\n    at ServerResponse.end (node:_http_outgoing:1018:5)\n    at ServerResponse.send (/app/node/MOBILIZATION/backend/node_modules/express/lib/response.js:232:10)\n    at ServerResponse.json (/app/node/MOBILIZATION/backend/node_modules/express/lib/response.js:278:15)\n    at login (/app/node/MOBILIZATION/backend/v1/auth/auth.controller.js:13:39)\n    at process.processTicksAndRejections (node:internal/process/task_queues:95:5)","timestamp":"2025-06-16 06:18:04"}
{"code":"ERR_HTTP_INVALID_STATUS_CODE","level":"error","message":"Error: Invalid status code: undefined","service":"mobilization-service","stack":"RangeError [ERR_HTTP_INVALID_STATUS_CODE]: Invalid status code: undefined\n    at new NodeError (node:internal/errors:399:5)\n    at ServerResponse.writeHead (node:_http_server:339:11)\n    at ServerResponse.writeHead (/app/node/MOBILIZATION/backend/node_modules/on-headers/index.js:44:26)\n    at ServerResponse._implicitHeader (node:_http_server:330:8)\n    at write_ (node:_http_outgoing:911:9)\n    at ServerResponse.end (node:_http_outgoing:1018:5)\n    at ServerResponse.send (/app/node/MOBILIZATION/backend/node_modules/express/lib/response.js:232:10)\n    at ServerResponse.json (/app/node/MOBILIZATION/backend/node_modules/express/lib/response.js:278:15)\n    at login (/app/node/MOBILIZATION/backend/v1/auth/auth.controller.js:13:40)\n    at process.processTicksAndRejections (node:internal/process/task_queues:95:5)","timestamp":"2025-06-16 06:18:28"}
{"level":"error","loginName":"ASDM_1","message":"Invalid password","operation":"login","service":"auth","timestamp":"2025-06-16 06:19:15"}
{"error":"Invalid email or password","level":"error","loginName":"ASDM_1","message":"Login failed","operation":"login","service":"auth","timestamp":"2025-06-16 06:19:15"}
{"errorCode":"INVALID_CREDENTIALS","level":"error","message":"Invalid email or password","service":"mobilization-service","statusCode":401,"success":false,"timestamp":"2025-06-16 06:19:15"}
{"level":"error","loginName":"ASDM_1","message":"Invalid password","operation":"login","service":"auth","timestamp":"2025-06-16 06:20:41"}
{"error":"Invalid email or password","level":"error","loginName":"ASDM_1","message":"Login failed","operation":"login","service":"auth","timestamp":"2025-06-16 06:20:41"}
{"errorCode":"INVALID_CREDENTIALS","level":"error","message":"Invalid email or password","service":"mobilization-service","statusCode":401,"success":false,"timestamp":"2025-06-16 06:20:41"}
{"level":"error","loginName":"ASDM_1","message":"Invalid password","operation":"login","service":"auth","timestamp":"2025-06-16 06:21:47"}
{"error":"Invalid email or password","level":"error","loginName":"ASDM_1","message":"Login failed","operation":"login","service":"auth","timestamp":"2025-06-16 06:21:47"}
{"errorCode":"INVALID_CREDENTIALS","level":"error","message":"Invalid email or password","service":"mobilization-service","statusCode":401,"success":false,"timestamp":"2025-06-16 06:21:47"}
{"level":"error","loginName":"ASDM_1","message":"Invalid password","operation":"login","service":"auth","timestamp":"2025-06-16 06:22:05"}
{"error":"Invalid email or password","level":"error","loginName":"ASDM_1","message":"Login failed","operation":"login","service":"auth","timestamp":"2025-06-16 06:22:05"}
{"errorCode":"INVALID_CREDENTIALS 1","level":"error","message":"Invalid email or password","service":"mobilization-service","statusCode":401,"success":false,"timestamp":"2025-06-16 06:22:05"}
{"level":"error","loginName":"ASDM_1","message":"Invalid password","operation":"login","service":"auth","timestamp":"2025-06-16 06:23:57"}
{"error":"Invalid email1 or password","level":"error","loginName":"ASDM_1","message":"Login failed","operation":"login","service":"auth","timestamp":"2025-06-16 06:23:57"}
{"errorCode":"INVALID_CREDENTIALS 1","level":"error","message":"Invalid email1 or password","service":"mobilization-service","statusCode":401,"success":false,"timestamp":"2025-06-16 06:23:57"}
{"level":"error","loginName":"ASDM_1","message":"Invalid password","operation":"login","service":"auth","timestamp":"2025-06-16 06:25:11"}
{"error":"Invalid email or password","level":"error","loginName":"ASDM_1","message":"Login failed","operation":"login","service":"auth","timestamp":"2025-06-16 06:25:11"}
{"errorCode":"INVALID_CREDENTIALS","level":"error","message":"Invalid email or password","service":"mobilization-service","statusCode":401,"success":false,"timestamp":"2025-06-16 06:25:11"}
{"error":"crypto.createCipher is not a function","level":"error","loginName":"ASDM_1","message":"Login failed","operation":"login","service":"auth","timestamp":"2025-06-16 06:51:34"}
{"errorCode":"LOGIN_ERROR","level":"error","message":"Error during login","service":"mobilization-service","statusCode":500,"success":false,"timestamp":"2025-06-16 06:51:34"}
{"error":"Cannot read properties of undefined (reading 'password')","level":"error","loginName":"ASDM_1","message":"Login failed","operation":"login","service":"auth","timestamp":"2025-06-16 06:53:49"}
{"errorCode":"LOGIN_ERROR","level":"error","message":"Error during login","service":"mobilization-service","statusCode":500,"success":false,"timestamp":"2025-06-16 06:53:49"}
{"error":"plainPassword is not defined","level":"error","loginName":"ASDM_1","message":"Login failed","operation":"login","service":"auth","timestamp":"2025-06-16 06:55:24"}
{"errorCode":"LOGIN_ERROR","level":"error","message":"Error during login","service":"mobilization-service","statusCode":500,"success":false,"timestamp":"2025-06-16 06:55:24"}
{"error":"Cannot read properties of undefined (reading 'password')","level":"error","loginName":"ASDM_1","message":"Login failed","operation":"login","service":"auth","timestamp":"2025-06-16 06:55:48"}
{"errorCode":"LOGIN_ERROR","level":"error","message":"Error during login","service":"mobilization-service","statusCode":500,"success":false,"timestamp":"2025-06-16 06:55:48"}
{"error":"Cannot read properties of undefined (reading 'password')","level":"error","loginName":"ASDM_1","message":"Login failed","operation":"login","service":"auth","timestamp":"2025-06-16 06:56:44"}
{"errorCode":"LOGIN_ERROR","level":"error","message":"Error during login","service":"mobilization-service","statusCode":500,"success":false,"timestamp":"2025-06-16 06:56:44"}
{"error":"Cannot read properties of undefined (reading 'password')","level":"error","loginName":"ASDM_1","message":"Login failed","operation":"login","service":"auth","timestamp":"2025-06-16 06:58:15"}
{"errorCode":"LOGIN_ERROR","level":"error","message":"Error during login","service":"mobilization-service","statusCode":500,"success":false,"timestamp":"2025-06-16 06:58:15"}
{"error":"crypto.createCipher is not a function","level":"error","loginName":"ASDM_1","message":"Login failed","operation":"login","service":"auth","timestamp":"2025-06-16 07:05:59"}
{"errorCode":"LOGIN_ERROR","level":"error","message":"Error during login","service":"mobilization-service","statusCode":500,"success":false,"timestamp":"2025-06-16 07:05:59"}
{"level":"error","loginName":"ASDM_1","message":"Invalid password","operation":"login","service":"auth","timestamp":"2025-06-16 07:08:09"}
{"error":"Invalid email or password","level":"error","loginName":"ASDM_1","message":"Login failed","operation":"login","service":"auth","timestamp":"2025-06-16 07:08:09"}
{"errorCode":"INVALID_CREDENTIALS","level":"error","message":"Invalid email or password","service":"mobilization-service","statusCode":401,"success":false,"timestamp":"2025-06-16 07:08:09"}
{"level":"error","loginName":"ASDM_1","message":"Invalid password","operation":"login","service":"auth","timestamp":"2025-06-16 07:10:05"}
{"error":"Invalid email or password","level":"error","loginName":"ASDM_1","message":"Login failed","operation":"login","service":"auth","timestamp":"2025-06-16 07:10:05"}
{"errorCode":"INVALID_CREDENTIALS","level":"error","message":"Invalid email or password","service":"mobilization-service","statusCode":401,"success":false,"timestamp":"2025-06-16 07:10:05"}
{"level":"error","loginName":"ASDM_1","message":"Invalid password","operation":"login","service":"auth","timestamp":"2025-06-16 07:12:51"}
{"error":"Invalid email or password","level":"error","loginName":"ASDM_1","message":"Login failed","operation":"login","service":"auth","timestamp":"2025-06-16 07:12:51"}
{"errorCode":"INVALID_CREDENTIALS","level":"error","message":"Invalid email or password","service":"mobilization-service","statusCode":401,"success":false,"timestamp":"2025-06-16 07:12:51"}
{"level":"error","loginName":"ASDM_1","message":"Invalid password","operation":"login","service":"auth","timestamp":"2025-06-16 07:13:18"}
{"error":"Invalid email or password","level":"error","loginName":"ASDM_1","message":"Login failed","operation":"login","service":"auth","timestamp":"2025-06-16 07:13:18"}
{"errorCode":"INVALID_CREDENTIALS","level":"error","message":"Invalid email or password","service":"mobilization-service","statusCode":401,"success":false,"timestamp":"2025-06-16 07:13:18"}
{"level":"error","loginName":"ASDM_1","message":"Invalid password","operation":"login","service":"auth","timestamp":"2025-06-16 07:13:31"}
{"error":"Invalid email or password","level":"error","loginName":"ASDM_1","message":"Login failed","operation":"login","service":"auth","timestamp":"2025-06-16 07:13:31"}
{"errorCode":"INVALID_CREDENTIALS","level":"error","message":"Invalid email or password","service":"mobilization-service","statusCode":401,"success":false,"timestamp":"2025-06-16 07:13:31"}
{"error":"secretOrPrivateKey must have a value","level":"error","loginName":"ASDM_1","message":"Login failed","operation":"login","service":"auth","timestamp":"2025-06-16 07:15:26"}
{"errorCode":"LOGIN_ERROR","level":"error","message":"Error during login","service":"mobilization-service","statusCode":500,"success":false,"timestamp":"2025-06-16 07:15:26"}
{"error":"Cannot convert undefined or null to object","level":"error","loginName":"ASDM_11","message":"Login failed","operation":"login","service":"auth","timestamp":"2025-06-16 07:21:31"}
{"errorCode":"LOGIN_ERROR","level":"error","message":"Error during login","service":"mobilization-service","statusCode":500,"success":false,"timestamp":"2025-06-16 07:21:31"}
{"error":"Cannot convert undefined or null to object","level":"error","loginName":"ASDM_11","message":"Login failed","operation":"login","service":"auth","timestamp":"2025-06-16 07:22:23"}
{"errorCode":"LOGIN_ERROR","level":"error","message":"Error during login","service":"mobilization-service","statusCode":500,"success":false,"timestamp":"2025-06-16 07:22:23"}
{"error":"Cannot convert undefined or null to object","level":"error","loginName":"ASDM_11","message":"Login failed","operation":"login","service":"auth","timestamp":"2025-06-16 07:22:43"}
{"errorCode":"LOGIN_ERROR","level":"error","message":"Error during login","service":"mobilization-service","statusCode":500,"success":false,"timestamp":"2025-06-16 07:22:43"}
{"error":"Cannot convert undefined or null to object","level":"error","loginName":"ASDM_11","message":"Login failed","operation":"login","service":"auth","timestamp":"2025-06-16 07:23:09"}
{"errorCode":"LOGIN_ERROR","level":"error","message":"Error during login","service":"mobilization-service","statusCode":500,"success":false,"timestamp":"2025-06-16 07:23:09"}
{"error":"Cannot convert undefined or null to object","level":"error","loginName":"ASDM_11","message":"Login failed","operation":"login","service":"auth","timestamp":"2025-06-16 07:23:20"}
{"errorCode":"LOGIN_ERROR","level":"error","message":"Error during login","service":"mobilization-service","statusCode":500,"success":false,"timestamp":"2025-06-16 07:23:20"}
{"error":"Cannot convert undefined or null to object","level":"error","loginName":"ASDM_11","message":"Login failed","operation":"login","service":"auth","timestamp":"2025-06-16 07:24:06"}
{"errorCode":"LOGIN_ERROR","level":"error","message":"Error during login","service":"mobilization-service","statusCode":500,"success":false,"timestamp":"2025-06-16 07:24:06"}
{"level":"error","loginName":"ASDM_11","message":"User not found","operation":"login","service":"auth","timestamp":"2025-06-16 07:24:26"}
{"error":"Invalid  email or password","level":"error","loginName":"ASDM_11","message":"Login failed","operation":"login","service":"auth","timestamp":"2025-06-16 07:24:26"}
{"errorCode":"INVALID_CREDENTIALS","level":"error","message":"Invalid  email or password","service":"mobilization-service","statusCode":401,"success":false,"timestamp":"2025-06-16 07:24:26"}
{"level":"error","loginName":"ASDM_11","message":"User not found","operation":"login","service":"auth","timestamp":"2025-06-16 07:24:38"}
{"error":"Invalid  email or password","level":"error","loginName":"ASDM_11","message":"Login failed","operation":"login","service":"auth","timestamp":"2025-06-16 07:24:38"}
{"errorCode":"INVALID_CREDENTIALS","level":"error","message":"Invalid  email or password","service":"mobilization-service","statusCode":401,"success":false,"timestamp":"2025-06-16 07:24:38"}
{"level":"error","loginName":"ASDM_11","message":"User not found","operation":"login","service":"auth","timestamp":"2025-06-16 07:24:48"}
{"error":"Invalid 1 email or password","level":"error","loginName":"ASDM_11","message":"Login failed","operation":"login","service":"auth","timestamp":"2025-06-16 07:24:48"}
{"errorCode":"INVALID_CREDENTIALS","level":"error","message":"Invalid 1 email or password","service":"mobilization-service","statusCode":401,"success":false,"timestamp":"2025-06-16 07:24:48"}
{"level":"error","loginName":"ASDM_11","message":"User not found","operation":"login","service":"auth","timestamp":"2025-06-16 07:25:10"}
{"error":"Invalid email or password","level":"error","loginName":"ASDM_11","message":"Login failed","operation":"login","service":"auth","timestamp":"2025-06-16 07:25:10"}
{"errorCode":"INVALID_CREDENTIALS","level":"error","message":"Invalid email or password","service":"mobilization-service","statusCode":401,"success":false,"timestamp":"2025-06-16 07:25:10"}
{"level":"error","loginName":"ASDM_11","message":"User not found","operation":"login","service":"auth","timestamp":"2025-06-16 07:25:30"}
{"error":"Invalid login name or password","level":"error","loginName":"ASDM_11","message":"Login failed","operation":"login","service":"auth","timestamp":"2025-06-16 07:25:30"}
{"errorCode":"INVALID_CREDENTIALS","level":"error","message":"Invalid login name or password","service":"mobilization-service","statusCode":401,"success":false,"timestamp":"2025-06-16 07:25:30"}
{"level":"error","loginName":"ASDM_1","message":"User not found","operation":"login","service":"auth","timestamp":"2025-06-16 07:30:46"}
{"error":"Invalid login name or password","level":"error","loginName":"ASDM_1","message":"Login failed","operation":"login","service":"auth","timestamp":"2025-06-16 07:30:46"}
{"errorCode":"INVALID_CREDENTIALS","level":"error","message":"Invalid login name or password","service":"mobilization-service","statusCode":401,"success":false,"timestamp":"2025-06-16 07:30:46"}
